<?xml version="1.0" encoding="UTF-8"?>
<!-- Generated by org.testng.reporters.JUnitXMLReporter -->
<testsuite hostname="INDIA-VAISHNAVK" ignored="3" name="Test" tests="2" failures="1" timestamp="21 Apr 2018 15:07:36 GMT" time="46.547" errors="0">
  <testcase name="@BeforeMethod beforeMethod" time="0.0" classname="wdMethods.ProjectMethods">
    <failure type="java.lang.RuntimeException">
      <![CDATA[java.lang.RuntimeException
	at utils.Reporter.reportStep(Reporter.java:60)
	at utils.Reporter.reportStep(Reporter.java:70)
	at wdMethods.SeMethods.startApp(SeMethods.java:81)
	at wdMethods.SeMethods.startApp(SeMethods.java:86)
	at wdMethods.ProjectMethods.beforeMethod(ProjectMethods.java:36)
... Removed 27 stack frames]]>
    </failure>
  </testcase> <!-- @BeforeMethod beforeMethod -->
  <testcase name="@AfterMethod afterMethod" time="0.0" classname="wdMethods.ProjectMethods">
    <skipped/>
  </testcase> <!-- @AfterMethod afterMethod -->
  <testcase name="@AfterTest afterTest" time="0.0" classname="wdMethods.ProjectMethods">
    <skipped/>
  </testcase> <!-- @AfterTest afterTest -->
  <testcase name="createAccount" time="20.273" classname="testcases.CreateAccountPOM">
    <failure type="java.lang.RuntimeException" message="Unexpected result for screenshot command: null">
      <![CDATA[java.lang.RuntimeException: Unexpected result for screenshot command: null
	at org.openqa.selenium.remote.RemoteWebDriver.getScreenshotAs(RemoteWebDriver.java:300)
	at wdMethods.SeMethods.takeSnap(SeMethods.java:362)
	at utils.Reporter.reportStep(Reporter.java:49)
	at utils.Reporter.reportStep(Reporter.java:70)
	at wdMethods.SeMethods.selectDropDownUsingText(SeMethods.java:187)
	at pages.AccountsPage.selectIndustry(AccountsPage.java:46)
	at testcases.CreateAccountPOM.createAccount(CreateAccountPOM.java:37)
... Removed 25 stack frames]]>
    </failure>
  </testcase> <!-- createAccount -->
  <testcase name="mergeAccount" time="0.004" classname="testcases.MergeAccountPOM">
    <skipped/>
  </testcase> <!-- mergeAccount -->
  <testcase name="@AfterTest afterTest" time="0.0" classname="wdMethods.ProjectMethods">
    <ignored/>
  </testcase> <!-- @AfterTest afterTest -->
  <testcase name="@BeforeSuite beforeSuite" time="0.0" classname="wdMethods.ProjectMethods">
    <ignored/>
  </testcase> <!-- @BeforeSuite beforeSuite -->
  <testcase name="@AfterSuite afterSuite" time="0.0" classname="wdMethods.ProjectMethods">
    <ignored/>
  </testcase> <!-- @AfterSuite afterSuite -->
</testsuite> <!-- Test -->
