<?xml version="1.0" encoding="UTF-8"?>
<!-- Generated by org.testng.reporters.JUnitXMLReporter -->
<testsuite hostname="INDIA-VAISHNAVK" ignored="3" name="Test" tests="2" failures="0" timestamp="21 Apr 2018 15:54:23 GMT" time="51.667" errors="0">
  <testcase name="createAccount" time="25.757" classname="testcases.CreateAccountPOM"/>
  <testcase name="mergeAccount" time="11.024" classname="testcases.MergeAccountPOM"/>
  <testcase name="@AfterTest afterTest" time="0.0" classname="wdMethods.ProjectMethods">
    <ignored/>
  </testcase> <!-- @AfterTest afterTest -->
  <testcase name="@BeforeSuite beforeSuite" time="0.0" classname="wdMethods.ProjectMethods">
    <ignored/>
  </testcase> <!-- @BeforeSuite beforeSuite -->
  <testcase name="@AfterSuite afterSuite" time="0.0" classname="wdMethods.ProjectMethods">
    <ignored/>
  </testcase> <!-- @AfterSuite afterSuite -->
</testsuite> <!-- Test -->
